# JRE version: OpenJDK Runtime Environment (16.0.2+7) (build 16.0.2+7-67)
# Java VM: OpenJDK 64-Bit Server VM (16.0.2+7-67, mixed mode, tiered, compressed oops, compressed class ptrs, g1 gc, windows-amd64)
GC Precious Log:
 CPUs: 4 total, 4 available
 Memory: 3936M
 Large Page Support: Disabled
 NUMA Support: Disabled
 Compressed Oops: Enabled (32-bit)
 Heap Region Size: 1M
 Heap Min Capacity: 8M
 Heap Initial Capacity: 62M
 Heap Max Capacity: 986M
 Pre-touch: Disabled
 Parallel Workers: 4
 Concurrent Workers: 1
 Concurrent Refinement Workers: 4
 Periodic GC: Disabled
Heap:
 garbage-first heap   total 89088K, used 49995K [0x00000000c2600000, 0x0000000100000000)
  region size 1024K, 21 young (21504K), 6 survivors (6144K)
 Metaspace       used 73665K, committed 74304K, reserved 1114112K
  class space    used 9673K, committed 9984K, reserved 1048576K
GC Heap History (20 events):
Event: 437.647 GC heap after
{Heap after GC invocations=48 (full 4):
 garbage-first heap   total 89088K, used 30700K [0x00000000c2600000, 0x0000000100000000)
  region size 1024K, 4 young (4096K), 4 survivors (4096K)
 Metaspace       used 72101K, committed 72704K, reserved 1114112K
  class space    used 9529K, committed 9792K, reserved 1048576K
}
Event: 454.565 GC heap before
{Heap before GC invocations=48 (full 4):
 garbage-first heap   total 89088K, used 71660K [0x00000000c2600000, 0x0000000100000000)
  region size 1024K, 44 young (45056K), 4 survivors (4096K)
 Metaspace       used 72477K, committed 73088K, reserved 1114112K
  class space    used 9554K, committed 9856K, reserved 1048576K
}
Event: 454.592 GC heap after
{Heap after GC invocations=49 (full 4):
 garbage-first heap   total 89088K, used 32849K [0x00000000c2600000, 0x0000000100000000)
  region size 1024K, 5 young (5120K), 5 survivors (5120K)
 Metaspace       used 72477K, committed 73088K, reserved 1114112K
  class space    used 9554K, committed 9856K, reserved 1048576K
}
Event: 459.743 GC heap before
{Heap before GC invocations=49 (full 4):
 garbage-first heap   total 89088K, used 33873K [0x00000000c2600000, 0x0000000100000000)
  region size 1024K, 7 young (7168K), 5 survivors (5120K)
 Metaspace       used 72500K, committed 73152K, reserved 1114112K
  class space    used 9556K, committed 9856K, reserved 1048576K
}
Event: 459.853 GC heap after
{Heap after GC invocations=50 (full 5):
 garbage-first heap   total 89088K, used 28771K [0x00000000c2600000, 0x0000000100000000)
  region size 1024K, 0 young (0K), 0 survivors (0K)
 Metaspace       used 72500K, committed 73152K, reserved 1114112K
  class space    used 9556K, committed 9856K, reserved 1048576K
}
Event: 462.725 GC heap before
{Heap before GC invocations=50 (full 5):
 garbage-first heap   total 89088K, used 68707K [0x00000000c2600000, 0x0000000100000000)
  region size 1024K, 40 young (40960K), 0 survivors (0K)
 Metaspace       used 72664K, committed 73344K, reserved 1114112K
  class space    used 9583K, committed 9920K, reserved 1048576K
}
Event: 462.731 GC heap after
{Heap after GC invocations=51 (full 5):
 garbage-first heap   total 89088K, used 31586K [0x00000000c2600000, 0x0000000100000000)
  region size 1024K, 3 young (3072K), 3 survivors (3072K)
 Metaspace       used 72664K, committed 73344K, reserved 1114112K
  class space    used 9583K, committed 9920K, reserved 1048576K
}
Event: 463.051 GC heap before
{Heap before GC invocations=51 (full 5):
 garbage-first heap   total 89088K, used 68450K [0x00000000c2600000, 0x0000000100000000)
  region size 1024K, 40 young (40960K), 3 survivors (3072K)
 Metaspace       used 72664K, committed 73344K, reserved 1114112K
  class space    used 9583K, committed 9920K, reserved 1048576K
}
Event: 463.083 GC heap after
{Heap after GC invocations=52 (full 5):
 garbage-first heap   total 89088K, used 32005K [0x00000000c2600000, 0x0000000100000000)
  region size 1024K, 1 young (1024K), 1 survivors (1024K)
 Metaspace       used 72664K, committed 73344K, reserved 1114112K
  class space    used 9583K, committed 9920K, reserved 1048576K
}
Event: 464.602 GC heap before
{Heap before GC invocations=52 (full 5):
 garbage-first heap   total 89088K, used 69893K [0x00000000c2600000, 0x0000000100000000)
  region size 1024K, 39 young (39936K), 1 survivors (1024K)
 Metaspace       used 73059K, committed 73728K, reserved 1114112K
  class space    used 9617K, committed 9920K, reserved 1048576K
}
Event: 464.622 GC heap after
{Heap after GC invocations=53 (full 5):
 garbage-first heap   total 89088K, used 35154K [0x00000000c2600000, 0x0000000100000000)
  region size 1024K, 4 young (4096K), 4 survivors (4096K)
 Metaspace       used 73059K, committed 73728K, reserved 1114112K
  class space    used 9617K, committed 9920K, reserved 1048576K
}
Event: 481.162 GC heap before
{Heap before GC invocations=53 (full 5):
 garbage-first heap   total 89088K, used 44370K [0x00000000c2600000, 0x0000000100000000)
  region size 1024K, 14 young (14336K), 4 survivors (4096K)
 Metaspace       used 73103K, committed 73728K, reserved 1114112K
  class space    used 9618K, committed 9920K, reserved 1048576K
}
Event: 481.277 GC heap after
{Heap after GC invocations=54 (full 6):
 garbage-first heap   total 89088K, used 29292K [0x00000000c2600000, 0x0000000100000000)
  region size 1024K, 0 young (0K), 0 survivors (0K)
 Metaspace       used 73100K, committed 73728K, reserved 1114112K
  class space    used 9618K, committed 9920K, reserved 1048576K
}
Event: 483.232 GC heap before
{Heap before GC invocations=54 (full 6):
 garbage-first heap   total 89088K, used 69228K [0x00000000c2600000, 0x0000000100000000)
  region size 1024K, 40 young (40960K), 0 survivors (0K)
 Metaspace       used 73233K, committed 73856K, reserved 1114112K
  class space    used 9639K, committed 9920K, reserved 1048576K
}
Event: 483.237 GC heap after
{Heap after GC invocations=55 (full 6):
 garbage-first heap   total 89088K, used 32236K [0x00000000c2600000, 0x0000000100000000)
  region size 1024K, 3 young (3072K), 3 survivors (3072K)
 Metaspace       used 73233K, committed 73856K, reserved 1114112K
  class space    used 9639K, committed 9920K, reserved 1048576K
}
Event: 483.483 GC heap before
{Heap before GC invocations=55 (full 6):
 garbage-first heap   total 89088K, used 69100K [0x00000000c2600000, 0x0000000100000000)
  region size 1024K, 40 young (40960K), 3 survivors (3072K)
 Metaspace       used 73233K, committed 73856K, reserved 1114112K
  class space    used 9639K, committed 9920K, reserved 1048576K
}
Event: 483.488 GC heap after
{Heap after GC invocations=56 (full 6):
 garbage-first heap   total 89088K, used 32364K [0x00000000c2600000, 0x0000000100000000)
  region size 1024K, 3 young (3072K), 3 survivors (3072K)
 Metaspace       used 73233K, committed 73856K, reserved 1114112K
  class space    used 9639K, committed 9920K, reserved 1048576K
}
Event: 484.846 GC heap before
{Heap before GC invocations=56 (full 6):
 garbage-first heap   total 89088K, used 71276K [0x00000000c2600000, 0x0000000100000000)
  region size 1024K, 41 young (41984K), 3 survivors (3072K)
 Metaspace       used 73621K, committed 74240K, reserved 1114112K
  class space    used 9670K, committed 9984K, reserved 1048576K
}
Event: 484.869 GC heap after
{Heap after GC invocations=57 (full 6):
 garbage-first heap   total 89088K, used 35518K [0x00000000c2600000, 0x0000000100000000)
  region size 1024K, 6 young (6144K), 6 survivors (6144K)
 Metaspace       used 73621K, committed 74240K, reserved 1114112K
  class space    used 9670K, committed 9984K, reserved 1048576K
}
Event: 544.809 GC heap before
{Heap before GC invocations=57 (full 6):
 garbage-first heap   total 89088K, used 49854K [0x00000000c2600000, 0x0000000100000000)
  region size 1024K, 21 young (21504K), 6 survivors (6144K)
 Metaspace       used 73665K, committed 74304K, reserved 1114112K
  class space    used 9673K, committed 9984K, reserved 1048576K
}

